\BOOKMARK [0][-]{section*.1}{Pr\351ambule}{}% 1
\BOOKMARK [1][-]{section.1}{Les classes \(Diagramme UML\)}{section*.1}% 2
\BOOKMARK [2][-]{subsection.1.1}{Diagramme UML}{section.1}% 3
\BOOKMARK [1][-]{section.2}{Point - Classe Point}{section*.1}% 4
\BOOKMARK [2][-]{subsection.2.1}{Objectifs}{section.2}% 5
\BOOKMARK [2][-]{subsection.2.2}{Solution}{section.2}% 6
\BOOKMARK [1][-]{section.3}{Les image - Classe Image}{section*.1}% 7
\BOOKMARK [2][-]{subsection.3.1}{Objectifs}{section.3}% 8
\BOOKMARK [2][-]{subsection.3.2}{Solution et R\351alisation}{section.3}% 9
\BOOKMARK [1][-]{section.4}{Courbes de B\351zier - Classe BezierCurve}{section*.1}% 10
\BOOKMARK [2][-]{subsection.4.1}{Objectifs }{section.4}% 11
\BOOKMARK [2][-]{subsection.4.2}{Solution et R\351alisation}{section.4}% 12
\BOOKMARK [3][-]{subsubsection.4.2.1}{Algorithme de Casteljau}{subsection.4.2}% 13
\BOOKMARK [3][-]{subsubsection.4.2.2}{R\351sultats et Probl\350mes rencontr\351s}{subsection.4.2}% 14
\BOOKMARK [1][-]{section.5}{Premi\350re Police - Classe FontV1}{section*.1}% 15
\BOOKMARK [2][-]{subsection.5.1}{Objectifs}{section.5}% 16
\BOOKMARK [2][-]{subsection.5.2}{Solution et R\351alisation}{section.5}% 17
\BOOKMARK [1][-]{section.6}{Deuxi\350me Police - Classe FontV2}{section*.1}% 18
\BOOKMARK [2][-]{subsection.6.1}{Objectifs }{section.6}% 19
\BOOKMARK [2][-]{subsection.6.2}{Solution et R\351alisation}{section.6}% 20
\BOOKMARK [1][-]{section.7}{Troisi\350me Police - Classe FontV3}{section*.1}% 21
\BOOKMARK [2][-]{subsection.7.1}{Objectifs}{section.7}% 22
\BOOKMARK [2][-]{subsection.7.2}{Solution et R\351alisation}{section.7}% 23
\BOOKMARK [0][-]{figure.6}{Conclusion}{}% 24
